<?xml version="1.0" encoding="UTF-8"?>
<!-- Generated by org.testng.reporters.JUnitReportReporter -->
<testsuite hostname="85ba9025daef" failures="0" tests="9" name="tests.vendorportal.VendorPortalTest" time="94.006" errors="0" timestamp="2023-12-01T23:10:24 GMT" skipped="0">
  <testcase classname="tests.vendorportal.VendorPortalTest" name="loginTest" time="9.786"/>
  <testcase classname="tests.vendorportal.VendorPortalTest" name="dashboardTest" time="12.147"/>
  <testcase classname="tests.vendorportal.VendorPortalTest" name="logoutTest" time="5.483"/>
  <testcase classname="tests.vendorportal.VendorPortalTest" name="logoutTest" time="10.731"/>
  <testcase classname="tests.vendorportal.VendorPortalTest" name="loginTest" time="10.163"/>
  <testcase classname="tests.vendorportal.VendorPortalTest" name="dashboardTest" time="14.562"/>
  <testcase classname="tests.vendorportal.VendorPortalTest" name="logoutTest" time="7.161"/>
  <testcase classname="tests.vendorportal.VendorPortalTest" name="loginTest" time="9.945"/>
  <testcase classname="tests.vendorportal.VendorPortalTest" name="dashboardTest" time="14.028"/>
</testsuite> <!-- tests.vendorportal.VendorPortalTest -->
